============================================================
Time  2017/05/08 00:36:49 844 
============================================================
[2017/05/08 00:36:49 844] isr        1659 isr loaded!  
[2017/05/08 00:36:49 844] isr        1642 SYS_MSG_REGCB param0 =   msp_status_cb  param1 =   func(d002cad0) 
[2017/05/08 00:36:49 844] isr        1537 ASR_MSG_SSB  
[2017/05/08 00:36:49 844] isr        1066 session_begin() [in], params:   sub = iat, domain = iat, language = zh_cn, accent = mandarin, sample_rate = 16000, result_type = plain, result_encoding = utf8  nil  
[2017/05/08 00:36:49 844] isr        927  vad_set [in]  
[2017/05/08 00:36:49 844] isr        962  vad_enable :  true  
[2017/05/08 00:36:49 844] isr        980  vad_bos :  10000  
[2017/05/08 00:36:49 844] isr        981  vad_eos :  2000  
[2017/05/08 00:36:49 844] isr        886  enable_vad [in]  
[2017/05/08 00:36:49 845] isr        918  vad enabled!  2000  10000  
[2017/05/08 00:36:49 845] isr        921  enable_vad [out]  
[2017/05/08 00:36:49 845] isr        987  vad_set [out] | ret =  0  
[2017/05/08 00:36:49 845] isr        1187 cur_engine_type =   cloud  
[2017/05/08 00:36:49 845] isr        1001 cloud_session_begin  
[2017/05/08 00:36:49 845] isr        1013 standard  
[2017/05/08 00:36:49 848] isr        1547 ASR_MSG_AUW,   cloud  
[2017/05/08 00:36:49 848] isr        1559 6400  1  
[2017/05/08 00:36:49 848] isr        1569 once_bytes:   6400  
[2017/05/08 00:36:49 852] isr        851  [aud] speech start  
[2017/05/08 00:36:49 852] isr        798  1  msc  
[2017/05/08 00:36:50 048] isr        1547 ASR_MSG_AUW,   cloud  
[2017/05/08 00:36:50 048] isr        1559 6400  2  
[2017/05/08 00:36:50 067] isr        700  cloud_status_cb, eps:  1  
[2017/05/08 00:36:50 067] isr        798  1  cloud  
[2017/05/08 00:36:50 067] isr        813  cloud eps ignored  
[2017/05/08 00:36:50 248] isr        1547 ASR_MSG_AUW,   cloud  
[2017/05/08 00:36:50 248] isr        1559 6400  2  
[2017/05/08 00:36:50 449] isr        1547 ASR_MSG_AUW,   cloud  
[2017/05/08 00:36:50 449] isr        1559 6400  2  
[2017/05/08 00:36:50 649] isr        1547 ASR_MSG_AUW,   cloud  
[2017/05/08 00:36:50 649] isr        1559 6400  2  
[2017/05/08 00:36:50 851] isr        1547 ASR_MSG_AUW,   cloud  
[2017/05/08 00:36:50 851] isr        1559 6400  2  
[2017/05/08 00:36:51 051] isr        1547 ASR_MSG_AUW,   cloud  
[2017/05/08 00:36:51 051] isr        1559 6400  2  
[2017/05/08 00:36:51 251] isr        1547 ASR_MSG_AUW,   cloud  
[2017/05/08 00:36:51 251] isr        1559 6400  2  
[2017/05/08 00:36:51 451] isr        1547 ASR_MSG_AUW,   cloud  
[2017/05/08 00:36:51 451] isr        1559 6400  2  
[2017/05/08 00:36:51 652] isr        1547 ASR_MSG_AUW,   cloud  
[2017/05/08 00:36:51 652] isr        1559 6400  2  
[2017/05/08 00:36:51 852] isr        1547 ASR_MSG_AUW,   cloud  
[2017/05/08 00:36:51 852] isr        1559 6400  2  
[2017/05/08 00:36:52 052] isr        1547 ASR_MSG_AUW,   cloud  
[2017/05/08 00:36:52 052] isr        1559 6400  2  
[2017/05/08 00:36:52 256] isr        1547 ASR_MSG_AUW,   cloud  
[2017/05/08 00:36:52 256] isr        1559 6400  2  
[2017/05/08 00:36:52 456] isr        1547 ASR_MSG_AUW,   cloud  
[2017/05/08 00:36:52 456] isr        1559 6400  2  
[2017/05/08 00:36:52 657] isr        1547 ASR_MSG_AUW,   cloud  
[2017/05/08 00:36:52 657] isr        1559 6400  2  
[2017/05/08 00:36:52 857] isr        1547 ASR_MSG_AUW,   cloud  
[2017/05/08 00:36:52 857] isr        1559 6400  2  
[2017/05/08 00:36:53 057] isr        1547 ASR_MSG_AUW,   cloud  
[2017/05/08 00:36:53 057] isr        1559 6400  2  
[2017/05/08 00:36:53 258] isr        1547 ASR_MSG_AUW,   cloud  
[2017/05/08 00:36:53 258] isr        1559 6400  2  
[2017/05/08 00:36:53 458] isr        1547 ASR_MSG_AUW,   cloud  
[2017/05/08 00:36:53 458] isr        1559 6400  2  
[2017/05/08 00:36:53 658] isr        1547 ASR_MSG_AUW,   cloud  
[2017/05/08 00:36:53 658] isr        1559 6400  2  
[2017/05/08 00:36:53 859] isr        1547 ASR_MSG_AUW,   cloud  
[2017/05/08 00:36:53 859] isr        1559 6400  2  
[2017/05/08 00:36:54 061] isr        1547 ASR_MSG_AUW,   cloud  
[2017/05/08 00:36:54 061] isr        1559 6400  2  
[2017/05/08 00:36:54 085] isr        662  cloud_rslt_cb status =   0  
[2017/05/08 00:36:54 085] isr        641  process_result call:  cloud  udata(d0135498) 0  nil  
[2017/05/08 00:36:54 261] isr        1547 ASR_MSG_AUW,   cloud  
[2017/05/08 00:36:54 261] isr        1559 7420  2  
[2017/05/08 00:36:54 515] isr        1547 ASR_MSG_AUW,   cloud  
[2017/05/08 00:36:54 515] isr        1559 0  4  
[2017/05/08 00:36:54 515] isr        1592 aud end, USER  
[2017/05/08 00:36:54 515] isr        1636 ASR_MSG_GRSLT,   cloud  
[2017/05/08 00:36:54 515] isr        1335 0  udata(d0135498) 0  
[2017/05/08 00:36:54 516] isr        854  [aud] speech end  
[2017/05/08 00:36:54 516] isr        798  3  msc  
[2017/05/08 00:36:54 540] isr        700  cloud_status_cb, eps:  3  
[2017/05/08 00:36:54 540] isr        798  3  cloud  
[2017/05/08 00:36:54 540] isr        800  already speech end  
[2017/05/08 00:36:54 542] isr        662  cloud_rslt_cb status =   5  
[2017/05/08 00:36:54 542] isr        641  process_result call:  cloud  udata(d01368b8) 5  nil  
[2017/05/08 00:36:54 542] isr        798  3  msc  
[2017/05/08 00:36:54 542] isr        800  already speech end  
[2017/05/08 00:36:54 666] isr        1636 ASR_MSG_GRSLT,   cloud  
[2017/05/08 00:36:54 666] isr        1335 0  udata(d01368b8) 5  
[2017/05/08 00:36:54 817] isr        1639 ASR_MSG_SSE,   cloud  
[2017/05/08 00:36:54 817] isr        1356 session_end() [in]  
[2017/05/08 00:36:54 817] isr        1421 cloud_session_end() [in]  
[2017/05/08 00:36:54 818] isr        1488 ns_host=  open.xf-yun.com  
[2017/05/08 00:36:54 818] isr        1498 tick()mod=  26373794  
[2017/05/08 00:36:54 818] isr        1499 tick()=  26373794  
[2017/05/08 00:36:54 818] isr        1501 diff=  4938  
[2017/05/08 00:36:54 818] isr        1514 cloud_session_end() [out]  
[2017/05/08 00:36:54 818] isr        1667 isr unload!  
============================================================
Time  2017/05/08 00:46:30 650 
============================================================
[2017/05/08 00:46:30 650] isr        1659 isr loaded!  
[2017/05/08 00:46:30 650] isr        1642 SYS_MSG_REGCB param0 =   msp_status_cb  param1 =   func(1c02cb10) 
[2017/05/08 00:46:30 650] isr        1537 ASR_MSG_SSB  
[2017/05/08 00:46:30 650] isr        1066 session_begin() [in], params:   sub = iat, domain = iat, language = zh_cn, accent = mandarin, sample_rate = 16000, result_type = plain, result_encoding = utf8  nil  
[2017/05/08 00:46:30 650] isr        927  vad_set [in]  
[2017/05/08 00:46:30 650] isr        962  vad_enable :  true  
[2017/05/08 00:46:30 650] isr        980  vad_bos :  10000  
[2017/05/08 00:46:30 650] isr        981  vad_eos :  2000  
[2017/05/08 00:46:30 650] isr        886  enable_vad [in]  
[2017/05/08 00:46:30 651] isr        918  vad enabled!  2000  10000  
[2017/05/08 00:46:30 651] isr        921  enable_vad [out]  
[2017/05/08 00:46:30 651] isr        987  vad_set [out] | ret =  0  
[2017/05/08 00:46:30 651] isr        1187 cur_engine_type =   cloud  
[2017/05/08 00:46:30 651] isr        1001 cloud_session_begin  
[2017/05/08 00:46:30 651] isr        1013 standard  
[2017/05/08 00:46:30 656] isr        1547 ASR_MSG_AUW,   cloud  
[2017/05/08 00:46:30 656] isr        1559 6400  1  
[2017/05/08 00:46:30 656] isr        1569 once_bytes:   6400  
[2017/05/08 00:46:30 660] isr        851  [aud] speech start  
[2017/05/08 00:46:30 660] isr        798  1  msc  
[2017/05/08 00:46:30 856] isr        1547 ASR_MSG_AUW,   cloud  
[2017/05/08 00:46:30 856] isr        1559 6400  2  
[2017/05/08 00:46:31 016] isr        700  cloud_status_cb, eps:  1  
[2017/05/08 00:46:31 016] isr        798  1  cloud  
[2017/05/08 00:46:31 016] isr        813  cloud eps ignored  
[2017/05/08 00:46:31 056] isr        1547 ASR_MSG_AUW,   cloud  
[2017/05/08 00:46:31 056] isr        1559 6400  2  
[2017/05/08 00:46:31 257] isr        1547 ASR_MSG_AUW,   cloud  
[2017/05/08 00:46:31 257] isr        1559 6400  2  
[2017/05/08 00:46:31 457] isr        1547 ASR_MSG_AUW,   cloud  
[2017/05/08 00:46:31 457] isr        1559 6400  2  
[2017/05/08 00:46:31 658] isr        1547 ASR_MSG_AUW,   cloud  
[2017/05/08 00:46:31 658] isr        1559 6400  2  
[2017/05/08 00:46:31 859] isr        1547 ASR_MSG_AUW,   cloud  
[2017/05/08 00:46:31 859] isr        1559 6400  2  
[2017/05/08 00:46:32 059] isr        1547 ASR_MSG_AUW,   cloud  
[2017/05/08 00:46:32 059] isr        1559 6400  2  
[2017/05/08 00:46:32 259] isr        1547 ASR_MSG_AUW,   cloud  
[2017/05/08 00:46:32 259] isr        1559 6400  2  
[2017/05/08 00:46:32 460] isr        1547 ASR_MSG_AUW,   cloud  
[2017/05/08 00:46:32 460] isr        1559 6400  2  
[2017/05/08 00:46:32 660] isr        1547 ASR_MSG_AUW,   cloud  
[2017/05/08 00:46:32 660] isr        1559 6400  2  
[2017/05/08 00:46:32 860] isr        1547 ASR_MSG_AUW,   cloud  
[2017/05/08 00:46:32 860] isr        1559 6400  2  
[2017/05/08 00:46:33 061] isr        1547 ASR_MSG_AUW,   cloud  
[2017/05/08 00:46:33 061] isr        1559 6400  2  
[2017/05/08 00:46:33 261] isr        1547 ASR_MSG_AUW,   cloud  
[2017/05/08 00:46:33 261] isr        1559 6400  2  
[2017/05/08 00:46:33 461] isr        1547 ASR_MSG_AUW,   cloud  
[2017/05/08 00:46:33 461] isr        1559 6400  2  
[2017/05/08 00:46:33 662] isr        1547 ASR_MSG_AUW,   cloud  
[2017/05/08 00:46:33 662] isr        1559 6400  2  
[2017/05/08 00:46:33 862] isr        1547 ASR_MSG_AUW,   cloud  
[2017/05/08 00:46:33 862] isr        1559 6400  2  
[2017/05/08 00:46:34 062] isr        1547 ASR_MSG_AUW,   cloud  
[2017/05/08 00:46:34 062] isr        1559 6400  2  
[2017/05/08 00:46:34 263] isr        1547 ASR_MSG_AUW,   cloud  
[2017/05/08 00:46:34 263] isr        1559 6400  2  
[2017/05/08 00:46:34 463] isr        1547 ASR_MSG_AUW,   cloud  
[2017/05/08 00:46:34 463] isr        1559 6400  2  
[2017/05/08 00:46:34 663] isr        1547 ASR_MSG_AUW,   cloud  
[2017/05/08 00:46:34 663] isr        1559 6400  2  
[2017/05/08 00:46:34 864] isr        1547 ASR_MSG_AUW,   cloud  
[2017/05/08 00:46:34 864] isr        1559 6400  2  
[2017/05/08 00:46:34 925] isr        662  cloud_rslt_cb status =   0  
[2017/05/08 00:46:34 925] isr        641  process_result call:  cloud  udata(1c037ad8) 0  nil  
[2017/05/08 00:46:35 064] isr        1547 ASR_MSG_AUW,   cloud  
[2017/05/08 00:46:35 064] isr        1559 7420  2  
[2017/05/08 00:46:35 265] isr        1547 ASR_MSG_AUW,   cloud  
[2017/05/08 00:46:35 265] isr        1559 0  4  
[2017/05/08 00:46:35 265] isr        1592 aud end, USER  
[2017/05/08 00:46:35 265] isr        1636 ASR_MSG_GRSLT,   cloud  
[2017/05/08 00:46:35 265] isr        1335 0  udata(1c037ad8) 0  
[2017/05/08 00:46:35 265] isr        854  [aud] speech end  
[2017/05/08 00:46:35 265] isr        798  3  msc  
[2017/05/08 00:46:35 375] isr        700  cloud_status_cb, eps:  3  
[2017/05/08 00:46:35 375] isr        798  3  cloud  
[2017/05/08 00:46:35 375] isr        800  already speech end  
[2017/05/08 00:46:35 377] isr        662  cloud_rslt_cb status =   5  
[2017/05/08 00:46:35 377] isr        641  process_result call:  cloud  udata(1c0361c8) 5  nil  
[2017/05/08 00:46:35 377] isr        798  3  msc  
[2017/05/08 00:46:35 377] isr        800  already speech end  
[2017/05/08 00:46:35 416] isr        1636 ASR_MSG_GRSLT,   cloud  
[2017/05/08 00:46:35 416] isr        1335 0  udata(1c0361c8) 5  
[2017/05/08 00:46:35 617] isr        1639 ASR_MSG_SSE,   cloud  
[2017/05/08 00:46:35 617] isr        1356 session_end() [in]  
[2017/05/08 00:46:35 617] isr        1421 cloud_session_end() [in]  
[2017/05/08 00:46:35 618] isr        1488 ns_host=  open.xf-yun.com  
[2017/05/08 00:46:35 618] isr        1498 tick()mod=  26954594  
[2017/05/08 00:46:35 618] isr        1499 tick()=  26954594  
[2017/05/08 00:46:35 619] isr        1501 diff=  4763  
[2017/05/08 00:46:35 619] isr        1514 cloud_session_end() [out]  
[2017/05/08 00:46:35 619] isr        1667 isr unload!  
============================================================
Time  2017/05/08 00:49:23 667 
============================================================
[2017/05/08 00:49:23 667] isr        1659 isr loaded!  
[2017/05/08 00:49:23 668] isr        1642 SYS_MSG_REGCB param0 =   msp_status_cb  param1 =   func(9402cb10) 
[2017/05/08 00:49:23 668] isr        1537 ASR_MSG_SSB  
[2017/05/08 00:49:23 668] isr        1066 session_begin() [in], params:   sub = iat, domain = iat, language = zh_cn, accent = mandarin, sample_rate = 16000, result_type = plain, result_encoding = utf8  nil  
[2017/05/08 00:49:23 668] isr        927  vad_set [in]  
[2017/05/08 00:49:23 668] isr        962  vad_enable :  true  
[2017/05/08 00:49:23 668] isr        980  vad_bos :  10000  
[2017/05/08 00:49:23 668] isr        981  vad_eos :  2000  
[2017/05/08 00:49:23 668] isr        886  enable_vad [in]  
[2017/05/08 00:49:23 674] isr        918  vad enabled!  2000  10000  
[2017/05/08 00:49:23 674] isr        921  enable_vad [out]  
[2017/05/08 00:49:23 674] isr        987  vad_set [out] | ret =  0  
[2017/05/08 00:49:23 674] isr        1187 cur_engine_type =   cloud  
[2017/05/08 00:49:23 674] isr        1001 cloud_session_begin  
[2017/05/08 00:49:23 674] isr        1013 standard  
[2017/05/08 00:49:23 679] isr        1547 ASR_MSG_AUW,   cloud  
[2017/05/08 00:49:23 679] isr        1559 6400  1  
[2017/05/08 00:49:23 680] isr        1569 once_bytes:   6400  
[2017/05/08 00:49:23 681] isr        851  [aud] speech start  
[2017/05/08 00:49:23 681] isr        798  1  msc  
[2017/05/08 00:49:23 880] isr        1547 ASR_MSG_AUW,   cloud  
[2017/05/08 00:49:23 880] isr        1559 6400  2  
[2017/05/08 00:49:23 969] isr        700  cloud_status_cb, eps:  1  
[2017/05/08 00:49:23 969] isr        798  1  cloud  
[2017/05/08 00:49:23 970] isr        813  cloud eps ignored  
[2017/05/08 00:49:24 080] isr        1547 ASR_MSG_AUW,   cloud  
[2017/05/08 00:49:24 080] isr        1559 6400  2  
[2017/05/08 00:49:24 280] isr        1547 ASR_MSG_AUW,   cloud  
[2017/05/08 00:49:24 280] isr        1559 6400  2  
[2017/05/08 00:49:24 481] isr        1547 ASR_MSG_AUW,   cloud  
[2017/05/08 00:49:24 481] isr        1559 6400  2  
[2017/05/08 00:49:24 684] isr        1547 ASR_MSG_AUW,   cloud  
[2017/05/08 00:49:24 684] isr        1559 6400  2  
[2017/05/08 00:49:24 884] isr        1547 ASR_MSG_AUW,   cloud  
[2017/05/08 00:49:24 885] isr        1559 6400  2  
[2017/05/08 00:49:25 085] isr        1547 ASR_MSG_AUW,   cloud  
[2017/05/08 00:49:25 085] isr        1559 6400  2  
[2017/05/08 00:49:25 285] isr        1547 ASR_MSG_AUW,   cloud  
[2017/05/08 00:49:25 285] isr        1559 6400  2  
[2017/05/08 00:49:25 485] isr        1547 ASR_MSG_AUW,   cloud  
[2017/05/08 00:49:25 485] isr        1559 6400  2  
[2017/05/08 00:49:25 686] isr        1547 ASR_MSG_AUW,   cloud  
[2017/05/08 00:49:25 686] isr        1559 6400  2  
[2017/05/08 00:49:25 886] isr        1547 ASR_MSG_AUW,   cloud  
[2017/05/08 00:49:25 886] isr        1559 6400  2  
[2017/05/08 00:49:26 086] isr        1547 ASR_MSG_AUW,   cloud  
[2017/05/08 00:49:26 086] isr        1559 6400  2  
[2017/05/08 00:49:26 287] isr        1547 ASR_MSG_AUW,   cloud  
[2017/05/08 00:49:26 287] isr        1559 6400  2  
[2017/05/08 00:49:26 487] isr        1547 ASR_MSG_AUW,   cloud  
[2017/05/08 00:49:26 487] isr        1559 6400  2  
[2017/05/08 00:49:26 687] isr        1547 ASR_MSG_AUW,   cloud  
[2017/05/08 00:49:26 687] isr        1559 6400  2  
[2017/05/08 00:49:26 888] isr        1547 ASR_MSG_AUW,   cloud  
[2017/05/08 00:49:26 888] isr        1559 6400  2  
[2017/05/08 00:49:27 088] isr        1547 ASR_MSG_AUW,   cloud  
[2017/05/08 00:49:27 088] isr        1559 6400  2  
[2017/05/08 00:49:27 288] isr        1547 ASR_MSG_AUW,   cloud  
[2017/05/08 00:49:27 288] isr        1559 6400  2  
[2017/05/08 00:49:27 489] isr        1547 ASR_MSG_AUW,   cloud  
[2017/05/08 00:49:27 489] isr        1559 6400  2  
[2017/05/08 00:49:27 689] isr        1547 ASR_MSG_AUW,   cloud  
[2017/05/08 00:49:27 689] isr        1559 6400  2  
[2017/05/08 00:49:27 889] isr        1547 ASR_MSG_AUW,   cloud  
[2017/05/08 00:49:27 889] isr        1559 6400  2  
[2017/05/08 00:49:27 910] isr        662  cloud_rslt_cb status =   0  
[2017/05/08 00:49:27 910] isr        641  process_result call:  cloud  udata(94034998) 0  nil  
[2017/05/08 00:49:28 090] isr        1547 ASR_MSG_AUW,   cloud  
[2017/05/08 00:49:28 090] isr        1559 7420  2  
[2017/05/08 00:49:28 290] isr        1547 ASR_MSG_AUW,   cloud  
[2017/05/08 00:49:28 290] isr        1559 0  4  
[2017/05/08 00:49:28 290] isr        1592 aud end, USER  
[2017/05/08 00:49:28 290] isr        1636 ASR_MSG_GRSLT,   cloud  
[2017/05/08 00:49:28 290] isr        1335 0  udata(94034998) 0  
[2017/05/08 00:49:28 291] isr        854  [aud] speech end  
[2017/05/08 00:49:28 291] isr        798  3  msc  
[2017/05/08 00:49:28 312] isr        700  cloud_status_cb, eps:  3  
[2017/05/08 00:49:28 312] isr        798  3  cloud  
[2017/05/08 00:49:28 312] isr        800  already speech end  
[2017/05/08 00:49:28 313] isr        662  cloud_rslt_cb status =   5  
[2017/05/08 00:49:28 313] isr        641  process_result call:  cloud  udata(94036f18) 5  nil  
[2017/05/08 00:49:28 313] isr        798  3  msc  
[2017/05/08 00:49:28 313] isr        800  already speech end  
[2017/05/08 00:49:28 441] isr        1636 ASR_MSG_GRSLT,   cloud  
[2017/05/08 00:49:28 441] isr        1335 0  udata(94036f18) 5  
[2017/05/08 00:49:28 595] isr        1639 ASR_MSG_SSE,   cloud  
[2017/05/08 00:49:28 595] isr        1356 session_end() [in]  
[2017/05/08 00:49:28 595] isr        1421 cloud_session_end() [in]  
[2017/05/08 00:49:28 597] isr        1488 ns_host=  open.xf-yun.com  
[2017/05/08 00:49:28 597] isr        1498 tick()mod=  27127572  
[2017/05/08 00:49:28 597] isr        1499 tick()=  27127573  
[2017/05/08 00:49:28 597] isr        1501 diff=  4676  
[2017/05/08 00:49:28 597] isr        1514 cloud_session_end() [out]  
[2017/05/08 00:49:28 597] isr        1667 isr unload!  
============================================================
Time  2017/05/08 01:06:05 806 
============================================================
[2017/05/08 01:06:05 806] isr        1659 isr loaded!  
[2017/05/08 01:06:05 806] isr        1642 SYS_MSG_REGCB param0 =   msp_status_cb  param1 =   func(2cad0) 
[2017/05/08 01:06:05 807] isr        1537 ASR_MSG_SSB  
[2017/05/08 01:06:05 807] isr        1066 session_begin() [in], params:   sub = iat, domain = iat, language = zh_cn, accent = mandarin, sample_rate = 16000, result_type = plain, result_encoding = utf8  nil  
[2017/05/08 01:06:05 807] isr        927  vad_set [in]  
[2017/05/08 01:06:05 807] isr        962  vad_enable :  true  
[2017/05/08 01:06:05 807] isr        980  vad_bos :  10000  
[2017/05/08 01:06:05 807] isr        981  vad_eos :  2000  
[2017/05/08 01:06:05 807] isr        886  enable_vad [in]  
[2017/05/08 01:06:05 807] isr        918  vad enabled!  2000  10000  
[2017/05/08 01:06:05 807] isr        921  enable_vad [out]  
[2017/05/08 01:06:05 807] isr        987  vad_set [out] | ret =  0  
[2017/05/08 01:06:05 807] isr        1187 cur_engine_type =   cloud  
[2017/05/08 01:06:05 807] isr        1001 cloud_session_begin  
[2017/05/08 01:06:05 807] isr        1013 standard  
[2017/05/08 01:06:05 812] isr        1547 ASR_MSG_AUW,   cloud  
[2017/05/08 01:06:05 812] isr        1559 6400  1  
[2017/05/08 01:06:05 812] isr        1569 once_bytes:   6400  
[2017/05/08 01:06:05 824] isr        851  [aud] speech start  
[2017/05/08 01:06:05 824] isr        798  1  msc  
[2017/05/08 01:06:06 012] isr        1547 ASR_MSG_AUW,   cloud  
[2017/05/08 01:06:06 012] isr        1559 6400  2  
[2017/05/08 01:06:06 213] isr        1547 ASR_MSG_AUW,   cloud  
[2017/05/08 01:06:06 213] isr        1559 6400  2  
[2017/05/08 01:06:06 326] isr        700  cloud_status_cb, eps:  1  
[2017/05/08 01:06:06 326] isr        798  1  cloud  
[2017/05/08 01:06:06 326] isr        813  cloud eps ignored  
[2017/05/08 01:06:06 413] isr        1547 ASR_MSG_AUW,   cloud  
[2017/05/08 01:06:06 413] isr        1559 6400  2  
[2017/05/08 01:06:06 613] isr        1547 ASR_MSG_AUW,   cloud  
[2017/05/08 01:06:06 613] isr        1559 6400  2  
[2017/05/08 01:06:06 814] isr        1547 ASR_MSG_AUW,   cloud  
[2017/05/08 01:06:06 814] isr        1559 6400  2  
[2017/05/08 01:06:07 014] isr        1547 ASR_MSG_AUW,   cloud  
[2017/05/08 01:06:07 014] isr        1559 6400  2  
[2017/05/08 01:06:07 214] isr        1547 ASR_MSG_AUW,   cloud  
[2017/05/08 01:06:07 214] isr        1559 6400  2  
[2017/05/08 01:06:07 414] isr        1547 ASR_MSG_AUW,   cloud  
[2017/05/08 01:06:07 414] isr        1559 6400  2  
[2017/05/08 01:06:07 615] isr        1547 ASR_MSG_AUW,   cloud  
[2017/05/08 01:06:07 615] isr        1559 6400  2  
[2017/05/08 01:06:07 815] isr        1547 ASR_MSG_AUW,   cloud  
[2017/05/08 01:06:07 815] isr        1559 6400  2  
[2017/05/08 01:06:08 016] isr        1547 ASR_MSG_AUW,   cloud  
[2017/05/08 01:06:08 016] isr        1559 6400  2  
[2017/05/08 01:06:08 216] isr        1547 ASR_MSG_AUW,   cloud  
[2017/05/08 01:06:08 216] isr        1559 6400  2  
[2017/05/08 01:06:08 416] isr        1547 ASR_MSG_AUW,   cloud  
[2017/05/08 01:06:08 417] isr        1559 10308  2  
[2017/05/08 01:06:08 617] isr        1547 ASR_MSG_AUW,   cloud  
[2017/05/08 01:06:08 617] isr        1559 0  4  
[2017/05/08 01:06:08 617] isr        1592 aud end, USER  
[2017/05/08 01:06:08 618] isr        1636 ASR_MSG_GRSLT,   cloud  
[2017/05/08 01:06:08 618] isr        1335 0  nil  2  
[2017/05/08 01:06:08 618] isr        854  [aud] speech end  
[2017/05/08 01:06:08 618] isr        798  3  msc  
[2017/05/08 01:06:08 768] isr        1636 ASR_MSG_GRSLT,   cloud  
[2017/05/08 01:06:08 768] isr        1335 0  nil  2  
[2017/05/08 01:06:08 780] isr        700  cloud_status_cb, eps:  3  
[2017/05/08 01:06:08 780] isr        798  3  cloud  
[2017/05/08 01:06:08 780] isr        800  already speech end  
[2017/05/08 01:06:08 780] isr        662  cloud_rslt_cb status =   0  
[2017/05/08 01:06:08 780] isr        641  process_result call:  cloud  udata(342e8) 0  nil  
[2017/05/08 01:06:08 782] isr        662  cloud_rslt_cb status =   5  
[2017/05/08 01:06:08 782] isr        641  process_result call:  cloud  udata(33fa8) 5  nil  
[2017/05/08 01:06:08 782] isr        798  3  msc  
[2017/05/08 01:06:08 782] isr        800  already speech end  
[2017/05/08 01:06:08 919] isr        1636 ASR_MSG_GRSLT,   cloud  
[2017/05/08 01:06:08 919] isr        1335 0  udata(342e8) 0  
[2017/05/08 01:06:09 069] isr        1636 ASR_MSG_GRSLT,   cloud  
[2017/05/08 01:06:09 069] isr        1335 0  udata(33fa8) 5  
[2017/05/08 01:06:09 220] isr        1639 ASR_MSG_SSE,   cloud  
[2017/05/08 01:06:09 220] isr        1356 session_end() [in]  
[2017/05/08 01:06:09 220] isr        1421 cloud_session_end() [in]  
[2017/05/08 01:06:09 221] isr        1488 ns_host=  open.xf-yun.com  
[2017/05/08 01:06:09 221] isr        1498 tick()mod=  28128197  
[2017/05/08 01:06:09 221] isr        1499 tick()=  28128197  
[2017/05/08 01:06:09 221] isr        1501 diff=  3048  
[2017/05/08 01:06:09 221] isr        1514 cloud_session_end() [out]  
[2017/05/08 01:06:09 221] isr        1667 isr unload!  
============================================================
Time  2017/05/08 01:15:57 602 
============================================================
[2017/05/08 01:15:57 602] isr        1659 isr loaded!  
[2017/05/08 01:15:57 602] isr        1642 SYS_MSG_REGCB param0 =   msp_status_cb  param1 =   func(f402cad0) 
[2017/05/08 01:15:57 602] isr        1537 ASR_MSG_SSB  
[2017/05/08 01:15:57 602] isr        1066 session_begin() [in], params:   sub = iat, domain = iat, language = zh_cn, accent = mandarin, sample_rate = 16000, result_type = plain, result_encoding = utf8  nil  
[2017/05/08 01:15:57 603] isr        927  vad_set [in]  
[2017/05/08 01:15:57 603] isr        962  vad_enable :  true  
[2017/05/08 01:15:57 603] isr        980  vad_bos :  10000  
[2017/05/08 01:15:57 603] isr        981  vad_eos :  2000  
[2017/05/08 01:15:57 603] isr        886  enable_vad [in]  
[2017/05/08 01:15:57 608] isr        918  vad enabled!  2000  10000  
[2017/05/08 01:15:57 608] isr        921  enable_vad [out]  
[2017/05/08 01:15:57 608] isr        987  vad_set [out] | ret =  0  
[2017/05/08 01:15:57 608] isr        1187 cur_engine_type =   cloud  
[2017/05/08 01:15:57 608] isr        1001 cloud_session_begin  
[2017/05/08 01:15:57 608] isr        1013 standard  
[2017/05/08 01:15:57 612] isr        1547 ASR_MSG_AUW,   cloud  
[2017/05/08 01:15:57 612] isr        1559 6400  1  
[2017/05/08 01:15:57 612] isr        1569 once_bytes:   6400  
[2017/05/08 01:15:57 617] isr        851  [aud] speech start  
[2017/05/08 01:15:57 617] isr        798  1  msc  
[2017/05/08 01:15:57 812] isr        1547 ASR_MSG_AUW,   cloud  
[2017/05/08 01:15:57 812] isr        1559 6400  2  
[2017/05/08 01:15:57 992] isr        700  cloud_status_cb, eps:  1  
[2017/05/08 01:15:57 992] isr        798  1  cloud  
[2017/05/08 01:15:57 992] isr        813  cloud eps ignored  
[2017/05/08 01:15:58 013] isr        1547 ASR_MSG_AUW,   cloud  
[2017/05/08 01:15:58 013] isr        1559 6400  2  
[2017/05/08 01:15:58 213] isr        1547 ASR_MSG_AUW,   cloud  
[2017/05/08 01:15:58 213] isr        1559 6400  2  
[2017/05/08 01:15:58 414] isr        1547 ASR_MSG_AUW,   cloud  
[2017/05/08 01:15:58 414] isr        1559 7456  2  
[2017/05/08 01:15:58 614] isr        1547 ASR_MSG_AUW,   cloud  
[2017/05/08 01:15:58 614] isr        1559 0  4  
[2017/05/08 01:15:58 614] isr        1592 aud end, USER  
[2017/05/08 01:15:58 614] isr        1636 ASR_MSG_GRSLT,   cloud  
[2017/05/08 01:15:58 614] isr        1335 0  nil  2  
[2017/05/08 01:15:58 615] isr        854  [aud] speech end  
[2017/05/08 01:15:58 615] isr        798  3  msc  
[2017/05/08 01:15:58 673] isr        700  cloud_status_cb, eps:  3  
[2017/05/08 01:15:58 673] isr        798  3  cloud  
[2017/05/08 01:15:58 673] isr        800  already speech end  
[2017/05/08 01:15:58 674] isr        662  cloud_rslt_cb status =   5  
[2017/05/08 01:15:58 674] isr        641  process_result call:  cloud  nil  5  nil  
[2017/05/08 01:15:58 674] isr        798  3  msc  
[2017/05/08 01:15:58 674] isr        800  already speech end  
[2017/05/08 01:15:58 765] isr        1636 ASR_MSG_GRSLT,   cloud  
[2017/05/08 01:15:58 765] isr        1335 0  nil  5  
[2017/05/08 01:15:58 916] isr        1639 ASR_MSG_SSE,   cloud  
[2017/05/08 01:15:58 916] isr        1356 session_end() [in]  
[2017/05/08 01:15:58 916] isr        1421 cloud_session_end() [in]  
[2017/05/08 01:15:58 918] isr        1488 ns_host=  open.xf-yun.com  
[2017/05/08 01:15:58 918] isr        1498 tick()mod=  28717893  
[2017/05/08 01:15:58 918] isr        1499 tick()=  28717894  
[2017/05/08 01:15:58 918] isr        1501 diff=  1074  
[2017/05/08 01:15:58 918] isr        1514 cloud_session_end() [out]  
[2017/05/08 01:15:58 918] isr        1667 isr unload!  
============================================================
Time  2017/05/08 01:22:18 584 
============================================================
[2017/05/08 01:22:18 584] isr        1659 isr loaded!  
[2017/05/08 01:22:18 585] isr        1642 SYS_MSG_REGCB param0 =   msp_status_cb  param1 =   func(802cb10) 
[2017/05/08 01:22:18 585] isr        1537 ASR_MSG_SSB  
[2017/05/08 01:22:18 585] isr        1066 session_begin() [in], params:   sub = iat, domain = iat, language = zh_cn, accent = mandarin, sample_rate = 16000, result_type = plain, result_encoding = utf8  nil  
[2017/05/08 01:22:18 585] isr        927  vad_set [in]  
[2017/05/08 01:22:18 585] isr        962  vad_enable :  true  
[2017/05/08 01:22:18 585] isr        980  vad_bos :  10000  
[2017/05/08 01:22:18 585] isr        981  vad_eos :  2000  
[2017/05/08 01:22:18 585] isr        886  enable_vad [in]  
[2017/05/08 01:22:18 586] isr        918  vad enabled!  2000  10000  
[2017/05/08 01:22:18 586] isr        921  enable_vad [out]  
[2017/05/08 01:22:18 586] isr        987  vad_set [out] | ret =  0  
[2017/05/08 01:22:18 586] isr        1187 cur_engine_type =   cloud  
[2017/05/08 01:22:18 586] isr        1001 cloud_session_begin  
[2017/05/08 01:22:18 586] isr        1013 standard  
[2017/05/08 01:22:18 593] isr        1547 ASR_MSG_AUW,   cloud  
[2017/05/08 01:22:18 593] isr        1559 6400  1  
[2017/05/08 01:22:18 593] isr        1569 once_bytes:   6400  
[2017/05/08 01:22:18 598] isr        851  [aud] speech start  
[2017/05/08 01:22:18 598] isr        798  1  msc  
[2017/05/08 01:22:18 793] isr        1547 ASR_MSG_AUW,   cloud  
[2017/05/08 01:22:18 793] isr        1559 6400  2  
[2017/05/08 01:22:18 948] isr        700  cloud_status_cb, eps:  1  
[2017/05/08 01:22:18 948] isr        798  1  cloud  
[2017/05/08 01:22:18 948] isr        813  cloud eps ignored  
[2017/05/08 01:22:18 994] isr        1547 ASR_MSG_AUW,   cloud  
[2017/05/08 01:22:18 994] isr        1559 6400  2  
[2017/05/08 01:22:19 194] isr        1547 ASR_MSG_AUW,   cloud  
[2017/05/08 01:22:19 194] isr        1559 6400  2  
[2017/05/08 01:22:19 395] isr        1547 ASR_MSG_AUW,   cloud  
[2017/05/08 01:22:19 395] isr        1559 6400  2  
[2017/05/08 01:22:19 637] isr        1547 ASR_MSG_AUW,   cloud  
[2017/05/08 01:22:19 637] isr        1559 6400  2  
[2017/05/08 01:22:19 837] isr        1547 ASR_MSG_AUW,   cloud  
[2017/05/08 01:22:19 837] isr        1559 6400  2  
[2017/05/08 01:22:20 038] isr        1547 ASR_MSG_AUW,   cloud  
[2017/05/08 01:22:20 038] isr        1559 6400  2  
[2017/05/08 01:22:20 238] isr        1547 ASR_MSG_AUW,   cloud  
[2017/05/08 01:22:20 238] isr        1559 6400  2  
[2017/05/08 01:22:20 438] isr        1547 ASR_MSG_AUW,   cloud  
[2017/05/08 01:22:20 439] isr        1559 6400  2  
[2017/05/08 01:22:20 639] isr        1547 ASR_MSG_AUW,   cloud  
[2017/05/08 01:22:20 639] isr        1559 6400  2  
[2017/05/08 01:22:20 841] isr        1547 ASR_MSG_AUW,   cloud  
[2017/05/08 01:22:20 841] isr        1559 6400  2  
[2017/05/08 01:22:21 041] isr        1547 ASR_MSG_AUW,   cloud  
[2017/05/08 01:22:21 041] isr        1559 6400  2  
[2017/05/08 01:22:21 241] isr        1547 ASR_MSG_AUW,   cloud  
[2017/05/08 01:22:21 241] isr        1559 10308  2  
[2017/05/08 01:22:21 442] isr        1547 ASR_MSG_AUW,   cloud  
[2017/05/08 01:22:21 442] isr        1559 0  4  
[2017/05/08 01:22:21 442] isr        1592 aud end, USER  
[2017/05/08 01:22:21 442] isr        1636 ASR_MSG_GRSLT,   cloud  
[2017/05/08 01:22:21 442] isr        1335 0  nil  2  
[2017/05/08 01:22:21 442] isr        854  [aud] speech end  
[2017/05/08 01:22:21 442] isr        798  3  msc  
[2017/05/08 01:22:21 593] isr        1636 ASR_MSG_GRSLT,   cloud  
[2017/05/08 01:22:21 593] isr        1335 0  nil  2  
[2017/05/08 01:22:21 609] isr        700  cloud_status_cb, eps:  3  
[2017/05/08 01:22:21 609] isr        798  3  cloud  
[2017/05/08 01:22:21 609] isr        800  already speech end  
[2017/05/08 01:22:21 609] isr        662  cloud_rslt_cb status =   0  
[2017/05/08 01:22:21 609] isr        641  process_result call:  cloud  udata(80342f8) 0  nil  
[2017/05/08 01:22:21 611] isr        662  cloud_rslt_cb status =   5  
[2017/05/08 01:22:21 611] isr        641  process_result call:  cloud  udata(8033868) 5  nil  
[2017/05/08 01:22:21 611] isr        798  3  msc  
[2017/05/08 01:22:21 611] isr        800  already speech end  
[2017/05/08 01:22:21 748] isr        1636 ASR_MSG_GRSLT,   cloud  
[2017/05/08 01:22:21 748] isr        1335 0  udata(80342f8) 0  
[2017/05/08 01:22:21 898] isr        1636 ASR_MSG_GRSLT,   cloud  
[2017/05/08 01:22:21 898] isr        1335 0  udata(8033868) 5  
[2017/05/08 01:22:22 049] isr        1639 ASR_MSG_SSE,   cloud  
[2017/05/08 01:22:22 049] isr        1356 session_end() [in]  
[2017/05/08 01:22:22 049] isr        1421 cloud_session_end() [in]  
[2017/05/08 01:22:22 050] isr        1488 ns_host=  open.xf-yun.com  
[2017/05/08 01:22:22 050] isr        1498 tick()mod=  29101026  
[2017/05/08 01:22:22 050] isr        1499 tick()=  29101026  
[2017/05/08 01:22:22 050] isr        1501 diff=  3245  
[2017/05/08 01:22:22 050] isr        1514 cloud_session_end() [out]  
[2017/05/08 01:22:22 050] isr        1667 isr unload!  
