============================================================
Time  2017/05/08 00:36:45 060 
============================================================
[2017/05/08 00:36:45 060] lgi        641  SYS_MSG_LOAD  
[2017/05/08 00:36:45 061] lgi        663  SYS_MSG_REGCB  msp_status_cb  func(c0015930) 
[2017/05/08 00:36:45 061] lgi        292  LGI_MSG_INIT  
[2017/05/08 00:36:45 061] lgi        299  lgi  lgi_  268436457  1488112113  
[2017/05/08 00:36:45 061] lgi        332  lgi params:  appid = 58f64761, work_dir = .  
[2017/05/08 00:36:45 062] lgi        352  auth_appid=  58f64761  
[2017/05/08 00:36:45 062] lgi        363  token:  nil  
[2017/05/08 00:36:45 062] lgi        433  msc cver : 5.0.29.1151  
[2017/05/08 00:36:45 062] lgi        476  ns_enable=  1  
[2017/05/08 00:36:45 062] lgi        488  prot_ver=1  
[2017/05/08 00:36:45 062] lgi        499  prot_type=tcp  
[2017/05/08 00:36:45 062] lgi        650  SYS_MSG_UNLOAD  go bg!  
[2017/05/08 00:36:49 377] lgi        555  LGI_MSG_START, caller =  legacyuup_1925950  
[2017/05/08 00:36:49 377] lgi        561  lgistat =   0  
[2017/05/08 00:36:49 377] lgi        587  lgi_auth_id =  nil  
[2017/05/08 00:36:49 377] transport  627  paramkvsport is   0  
[2017/05/08 00:36:49 377] transport  635  ns_enable=  1  
[2017/05/08 00:36:49 377] transport  679  url.full=  nil  
[2017/05/08 00:36:49 377] transport  867  net type:  standard  
[2017/05/08 00:36:49 377] transport  868  net operator:  def  
[2017/05/08 00:36:49 377] transport  869  use proxy:  false  
[2017/05/08 00:36:49 377] lgi        271  [session] send lgi request  
[2017/05/08 00:36:49 377] transport  992  session.domain=  open.xf-yun.com  
[2017/05/08 00:36:49 378] transport  993  url.host=  open.xf-yun.com  
[2017/05/08 00:36:49 378] network    88   ipfromenv ,  ipcache  open.xf-yun.com  def  nil  
[2017/05/08 00:36:49 378] transport  1027 NAMESERVER START  
[2017/05/08 00:36:49 378] transport  1030 name =   ath  
[2017/05/08 00:36:49 378] ns         626  ntt=  standard  
[2017/05/08 00:36:49 378] transport  1033 trans,ns_inprog =  0  
[2017/05/08 00:36:49 378] ns         582  name server start  
[2017/05/08 00:36:49 378] ns         583  ns_sub =   ath  
[2017/05/08 00:36:49 378] ns         585  ns_host=  open.xf-yun.com  
[2017/05/08 00:36:49 378] ns         476  ns_host=  open.xf-yun.com  
[2017/05/08 00:36:49 378] ns         555  GET /sip/resolver?srand=0508003611.32 HTTP/1.1
Host: hdns.openspeech.cn
Connection: Keep-Alive
X-Par: ver=1.3&appid=58f64761&operator=UNKNOW&nettype=STANDARD&cver=5.0.29.1151&svc=ath&host=open.xf-yun.com&sign=d84e81b29606e6e2ea748f9475013b2f
User-Agent: iFLYCloud

  
[2017/05/08 00:36:49 378] ns         556  net_type =  standard  
[2017/05/08 00:36:49 378] ns         557  cmwapascmnet =  
[2017/05/08 00:36:49 378] ns         558  uniwapasuninet =  
[2017/05/08 00:36:49 378] ns         559  ctwapasctnet =  
[2017/05/08 00:36:49 378] ns         576  host=  hdns.openspeech.cn  
[2017/05/08 00:36:49 378] network    238  gethostbyname  hdns.openspeech.cn  ns_nw2  
[2017/05/08 00:36:49 379] lgi        238  lver:  nil  
[2017/05/08 00:36:49 379] lgi        243  cfg_ver:  nil  
[2017/05/08 00:36:49 529] network    220  dns resp  0  ns_nw2  
[2017/05/08 00:36:49 529] ns         425  ns dns ok  117.121.56.5  
[2017/05/08 00:36:49 529] ns         205  iplist not avail  
[2017/05/08 00:36:49 532] ns         432  is_voicecloud_ip=  0  
[2017/05/08 00:36:49 532] ns         439  ip_is_expected=  true  
[2017/05/08 00:36:49 532] ns         447  ip_is_expected=  true  
[2017/05/08 00:36:49 532] network    417  gethttpresp2  117.121.56.5  80  _nw3  
[2017/05/08 00:36:49 538] network    323  connected  _nw3  
[2017/05/08 00:36:49 538] network    326  send ok  271  _nw3  
[2017/05/08 00:36:49 550] network    335  readable  _nw3  
[2017/05/08 00:36:49 551] ns         256  name server http resp  table(c0047c10) 0  udata(c0057268) 
[2017/05/08 00:36:49 551] ns         269  ns response OK for this time!  
[2017/05/08 00:36:49 551] ns         280  from_server=  iflytek/hdns  
[2017/05/08 00:36:49 552] ns         363  compel :  0  
[2017/05/08 00:36:49 552] ns         374  tick()=  26368528  
[2017/05/08 00:36:49 552] ns         378  tick()mod=  26368528  
[2017/05/08 00:36:49 552] ns         379  ns_host=  open.xf-yun.com  
[2017/05/08 00:36:49 552] ns         392  ns_host=  open.xf-yun.com  
[2017/05/08 00:36:49 552] transport  1007 ns_ip =   59.107.24.5  
[2017/05/08 00:36:49 552] transport  1008 ip_type =  assigned_athopen.xf-yun.com_host  
[2017/05/08 00:36:49 552] transport  1210 [soc] connect   59.107.24.5  80  
[2017/05/08 00:36:49 552] transport  1227 mspsoc.open,prot_type=  tcp  
[2017/05/08 00:36:49 552] ns         655  no data in ns_q  
[2017/05/08 00:36:49 552] ns         656  conti_ns,ns_inprog =   1  
[2017/05/08 00:36:49 609] transport  476  [soc] [1] connected  
[2017/05/08 00:36:49 609] transport  1264 build http request.  
[2017/05/08 00:36:49 609] transport  1364 POST /msp.do HTTP/1.1
Host: open.xf-yun.com
Content-Type: multipart/mixed;boundary=--
Content-Length: 356
User-Agent: iFLYCloud
Cache-Control: no-cache
Accept: */*

----
CL:73
CT:text/plain

ver=MSSP+0%2E9&sub=auth&cmd=lgi&cver=5%2E0%2E29%2E1151&key=08uDm1yra5hmo=
----
CL:56
CT:text/appinfo
CE:gzip,encrypt/0.2

“Ê/ËìòdòÅ  
[2017/05/08 00:36:49 609] transport  1684 msg:release()  
[2017/05/08 00:36:49 609] transport  506  [soc] [1] send ok  529  
[2017/05/08 00:36:49 626] transport  142  [dns] [1] response 117.121.21.149  
[2017/05/08 00:36:49 626] transport  152  117  121  21  149  
[2017/05/08 00:36:49 626] transport  203  ipv =  v4  
[2017/05/08 00:36:49 626] transport  207  dns ip is v4  
[2017/05/08 00:36:49 626] transport  181  iplist not avail  
[2017/05/08 00:36:49 627] transport  247  no iplist now  
[2017/05/08 00:36:49 627] network    93   iptoenv ,  ipcache  open.xf-yun.com  def  117.121.21.149  
[2017/05/08 00:36:49 690] transport  518  [soc] [1] readable  
[2017/05/08 00:36:49 690] transport  1637 HTTP/1.1 200 OK
Content-Type: text/plain
Content-Length: 162
X-Req-Date: 2017/05/08 00:36:49 582
Cache-Control: no-cache
CL: 162
X-Res-Date: 2017/05/08 00:36:49 616

ver=MSSP+0%2E9&ret=0&cver=5%2E0%2E29%2E1151&uid=d6720769209&key=0bodcPCsTqilKfq9OfQ5U1594DdXUjnpHcowP25Icxf8O^^GHVr44O7LMYxR574MHc58a56ycvHX78cQcG14/UYPxxBwbXj9Rg  
[2017/05/08 00:36:49 690] transport  1383 a_complete_httpmessage  200  
[2017/05/08 00:36:49 690] transport  1493 is_update  false  
[2017/05/08 00:36:49 690] lgi        99   [trans] [id = lgi_] readable  
[2017/05/08 00:36:49 691] network    88   ipfromenv ,  ipcache  open.xf-yun.com  def  117.121.21.149  
[2017/05/08 00:36:49 691] transport  942  cached ip is confirmed  
[2017/05/08 00:36:49 691] transport  1242 [soc] disconnect   
[2017/05/08 00:36:49 691] lgi        130  lgi resp!  
[2017/05/08 00:36:49 691] lgi        137  lgi ok!  
[2017/05/08 00:36:49 691] lgi        69   notify_lgi_result, ret=0, loginid=d6720769209@58f64761  
[2017/05/08 00:36:49 692] lgi        146  unkown  d6720769209  
[2017/05/08 00:36:49 854] lgi        555  LGI_MSG_START, caller =  cloud_cisr1P1HHBHew77JHvI+qaaBGD0k4lgNlgw  
[2017/05/08 00:36:49 854] lgi        561  lgistat =   2  
[2017/05/08 00:36:54 820] lgi        654  SYS_MSG_SHUTDOWN  
============================================================
Time  2017/05/08 00:46:19 367 
============================================================
[2017/05/08 00:46:19 367] lgi        641  SYS_MSG_LOAD  
[2017/05/08 00:46:19 369] lgi        663  SYS_MSG_REGCB  msp_status_cb  func(10015940) 
[2017/05/08 00:46:19 369] lgi        292  LGI_MSG_INIT  
[2017/05/08 00:46:19 369] lgi        299  lgi  lgi_  268436457  1488112113  
[2017/05/08 00:46:19 369] lgi        332  lgi params:  appid = 58f64761, work_dir = .  
[2017/05/08 00:46:19 369] lgi        352  auth_appid=  58f64761  
[2017/05/08 00:46:19 369] lgi        363  token:  nil  
[2017/05/08 00:46:19 369] lgi        433  msc cver : 5.0.29.1151  
[2017/05/08 00:46:19 369] lgi        476  ns_enable=  1  
[2017/05/08 00:46:19 369] lgi        488  prot_ver=1  
[2017/05/08 00:46:19 369] lgi        499  prot_type=tcp  
[2017/05/08 00:46:19 369] lgi        650  SYS_MSG_UNLOAD  go bg!  
[2017/05/08 00:46:30 658] lgi        555  LGI_MSG_START, caller =  cloud_cisr1P1HHBHew7hsHsfZLaaW9Y17VlE3d37  
[2017/05/08 00:46:30 658] lgi        561  lgistat =   0  
[2017/05/08 00:46:30 658] lgi        587  lgi_auth_id =  nil  
[2017/05/08 00:46:30 658] transport  627  paramkvsport is   0  
[2017/05/08 00:46:30 658] transport  635  ns_enable=  1  
[2017/05/08 00:46:30 658] transport  679  url.full=  nil  
[2017/05/08 00:46:30 658] transport  856  switch 80  
[2017/05/08 00:46:30 658] transport  867  net type:  standard  
[2017/05/08 00:46:30 658] transport  868  net operator:  def  
[2017/05/08 00:46:30 658] transport  869  use proxy:  false  
[2017/05/08 00:46:30 658] lgi        271  [session] send lgi request  
[2017/05/08 00:46:30 658] transport  992  session.domain=  open.xf-yun.com  
[2017/05/08 00:46:30 658] transport  993  url.host=  open.xf-yun.com  
[2017/05/08 00:46:30 658] transport  1027 NAMESERVER START  
[2017/05/08 00:46:30 658] transport  1030 name =   ath  
[2017/05/08 00:46:30 658] ns         626  ntt=  standard  
[2017/05/08 00:46:30 658] transport  1033 trans,ns_inprog =  0  
[2017/05/08 00:46:30 658] ns         582  name server start  
[2017/05/08 00:46:30 658] ns         583  ns_sub =   ath  
[2017/05/08 00:46:30 658] ns         585  ns_host=  open.xf-yun.com  
[2017/05/08 00:46:30 658] ns         476  ns_host=  open.xf-yun.com  
[2017/05/08 00:46:30 658] ns         555  GET /sip/resolver?srand=0508004611.32 HTTP/1.1
Host: hdns.openspeech.cn
Connection: Keep-Alive
X-Par: ver=1.3&appid=58f64761&operator=UNKNOW&nettype=STANDARD&cver=5.0.29.1151&svc=ath&host=open.xf-yun.com&sign=2103bd542008a4fe8c6ee93846eb8bf1
User-Agent: iFLYCloud

  
[2017/05/08 00:46:30 658] ns         556  net_type =  standard  
[2017/05/08 00:46:30 659] ns         557  cmwapascmnet =  
[2017/05/08 00:46:30 659] ns         558  uniwapasuninet =  
[2017/05/08 00:46:30 659] ns         559  ctwapasctnet =  
[2017/05/08 00:46:30 659] ns         576  host=  hdns.openspeech.cn  
[2017/05/08 00:46:30 659] network    238  gethostbyname  hdns.openspeech.cn  ns_nw2  
[2017/05/08 00:46:30 659] lgi        238  lver:  nil  
[2017/05/08 00:46:30 659] lgi        243  cfg_ver:  nil  
[2017/05/08 00:46:30 730] network    220  dns resp  0  ns_nw2  
[2017/05/08 00:46:30 731] ns         425  ns dns ok  117.121.56.5  
[2017/05/08 00:46:30 731] ns         205  iplist not avail  
[2017/05/08 00:46:30 731] ns         432  is_voicecloud_ip=  0  
[2017/05/08 00:46:30 731] ns         439  ip_is_expected=  true  
[2017/05/08 00:46:30 731] ns         447  ip_is_expected=  true  
[2017/05/08 00:46:30 731] network    417  gethttpresp2  117.121.56.5  80  _nw3  
[2017/05/08 00:46:30 737] network    323  connected  _nw3  
[2017/05/08 00:46:30 737] network    326  send ok  271  _nw3  
[2017/05/08 00:46:30 747] network    335  readable  _nw3  
[2017/05/08 00:46:30 748] ns         256  name server http resp  table(10047390) 0  udata(10072868) 
[2017/05/08 00:46:30 748] ns         269  ns response OK for this time!  
[2017/05/08 00:46:30 748] ns         280  from_server=  iflytek/hdns  
[2017/05/08 00:46:30 748] ns         363  compel :  0  
[2017/05/08 00:46:30 748] ns         374  tick()=  26949724  
[2017/05/08 00:46:30 748] ns         378  tick()mod=  26949724  
[2017/05/08 00:46:30 748] ns         379  ns_host=  open.xf-yun.com  
[2017/05/08 00:46:30 749] ns         392  ns_host=  open.xf-yun.com  
[2017/05/08 00:46:30 749] transport  1007 ns_ip =   59.107.24.5  
[2017/05/08 00:46:30 749] transport  1008 ip_type =  assigned_athopen.xf-yun.com_host  
[2017/05/08 00:46:30 749] transport  1210 [soc] connect   59.107.24.5  80  
[2017/05/08 00:46:30 749] transport  1227 mspsoc.open,prot_type=  tcp  
[2017/05/08 00:46:30 749] ns         655  no data in ns_q  
[2017/05/08 00:46:30 749] ns         656  conti_ns,ns_inprog =   1  
[2017/05/08 00:46:30 797] transport  476  [soc] [1] connected  
[2017/05/08 00:46:30 797] transport  1264 build http request.  
[2017/05/08 00:46:30 797] transport  1364 POST /msp.do HTTP/1.1
Host: open.xf-yun.com
Content-Type: multipart/mixed;boundary=--
Content-Length: 356
User-Agent: iFLYCloud
Cache-Control: no-cache
Accept: */*

----
CL:73
CT:text/plain

ver=MSSP+0%2E9&sub=auth&cmd=lgi&cver=5%2E0%2E29%2E1151&key=08uDm1yra5hmo=
----
CL:56
CT:text/appinfo
CE:gzip,encrypt/0.2

“Ê/ËìòdòÅ  
[2017/05/08 00:46:30 798] transport  1684 msg:release()  
[2017/05/08 00:46:30 798] transport  506  [soc] [1] send ok  529  
[2017/05/08 00:46:30 827] transport  142  [dns] [1] response 117.121.21.150  
[2017/05/08 00:46:30 827] transport  152  117  121  21  150  
[2017/05/08 00:46:30 827] transport  203  ipv =  v4  
[2017/05/08 00:46:30 827] transport  207  dns ip is v4  
[2017/05/08 00:46:30 827] transport  181  iplist not avail  
[2017/05/08 00:46:30 828] transport  247  no iplist now  
[2017/05/08 00:46:30 828] network    93   iptoenv ,  ipcache  open.xf-yun.com  def  117.121.21.150  
[2017/05/08 00:46:30 883] transport  518  [soc] [1] readable  
[2017/05/08 00:46:30 883] transport  1637 HTTP/1.1 200 OK
Content-Type: text/plain
Content-Length: 162
X-Req-Date: 2017/05/08 00:46:30 776
Cache-Control: no-cache
CL: 162
X-Res-Date: 2017/05/08 00:46:30 808

ver=MSSP+0%2E9&ret=0&cver=5%2E0%2E29%2E1151&uid=d6720769209&key=0bLMiYdZciEzZwJm6rirSlhxGat0Uz3AyfzhUnuCL1F8a^^GHVr44O7LMYxR574MHc58a56ycvHX78cQcG14/UYPxxBwbXj9Rg  
[2017/05/08 00:46:30 883] transport  1383 a_complete_httpmessage  200  
[2017/05/08 00:46:30 883] transport  1493 is_update  false  
[2017/05/08 00:46:30 884] lgi        99   [trans] [id = lgi_] readable  
[2017/05/08 00:46:30 884] network    88   ipfromenv ,  ipcache  open.xf-yun.com  def  117.121.21.150  
[2017/05/08 00:46:30 884] transport  933  iplist not avail  
[2017/05/08 00:46:30 885] transport  1242 [soc] disconnect   
[2017/05/08 00:46:30 888] lgi        130  lgi resp!  
[2017/05/08 00:46:30 888] lgi        137  lgi ok!  
[2017/05/08 00:46:30 888] lgi        69   notify_lgi_result, ret=0, loginid=d6720769209@58f64761  
[2017/05/08 00:46:30 888] lgi        146  unkown  d6720769209  
[2017/05/08 00:46:35 621] lgi        654  SYS_MSG_SHUTDOWN  
============================================================
Time  2017/05/08 00:49:21 598 
============================================================
[2017/05/08 00:49:21 598] lgi        641  SYS_MSG_LOAD  
[2017/05/08 00:49:21 599] lgi        663  SYS_MSG_REGCB  msp_status_cb  func(98015970) 
[2017/05/08 00:49:21 599] lgi        292  LGI_MSG_INIT  
[2017/05/08 00:49:21 599] lgi        299  lgi  lgi_  268436457  1488112113  
[2017/05/08 00:49:21 599] lgi        332  lgi params:  appid = 58f64761, work_dir = .  
[2017/05/08 00:49:21 599] lgi        352  auth_appid=  58f64761  
[2017/05/08 00:49:21 599] lgi        363  token:  nil  
[2017/05/08 00:49:21 599] lgi        433  msc cver : 5.0.29.1151  
[2017/05/08 00:49:21 599] lgi        476  ns_enable=  1  
[2017/05/08 00:49:21 599] lgi        488  prot_ver=1  
[2017/05/08 00:49:21 599] lgi        499  prot_type=tcp  
[2017/05/08 00:49:21 600] lgi        650  SYS_MSG_UNLOAD  go bg!  
[2017/05/08 00:49:23 682] lgi        555  LGI_MSG_START, caller =  cloud_cisr1P1HHBHewUmMHOjQnaalTadFLH4U5HV  
[2017/05/08 00:49:23 682] lgi        561  lgistat =   0  
[2017/05/08 00:49:23 682] lgi        587  lgi_auth_id =  nil  
[2017/05/08 00:49:23 682] transport  627  paramkvsport is   0  
[2017/05/08 00:49:23 682] transport  635  ns_enable=  1  
[2017/05/08 00:49:23 682] transport  679  url.full=  nil  
[2017/05/08 00:49:23 682] transport  856  switch 80  
[2017/05/08 00:49:23 682] transport  867  net type:  standard  
[2017/05/08 00:49:23 682] transport  868  net operator:  def  
[2017/05/08 00:49:23 682] transport  869  use proxy:  false  
[2017/05/08 00:49:23 682] lgi        271  [session] send lgi request  
[2017/05/08 00:49:23 682] transport  992  session.domain=  open.xf-yun.com  
[2017/05/08 00:49:23 682] transport  993  url.host=  open.xf-yun.com  
[2017/05/08 00:49:23 682] transport  1027 NAMESERVER START  
[2017/05/08 00:49:23 682] transport  1030 name =   ath  
[2017/05/08 00:49:23 682] ns         626  ntt=  standard  
[2017/05/08 00:49:23 682] transport  1033 trans,ns_inprog =  0  
[2017/05/08 00:49:23 682] ns         582  name server start  
[2017/05/08 00:49:23 682] ns         583  ns_sub =   ath  
[2017/05/08 00:49:23 682] ns         585  ns_host=  open.xf-yun.com  
[2017/05/08 00:49:23 682] ns         476  ns_host=  open.xf-yun.com  
[2017/05/08 00:49:23 682] ns         555  GET /sip/resolver?srand=0508004911.32 HTTP/1.1
Host: hdns.openspeech.cn
Connection: Keep-Alive
X-Par: ver=1.3&appid=58f64761&operator=UNKNOW&nettype=STANDARD&cver=5.0.29.1151&svc=ath&host=open.xf-yun.com&sign=745db458dc66de341c81ce660467059f
User-Agent: iFLYCloud

  
[2017/05/08 00:49:23 682] ns         556  net_type =  standard  
[2017/05/08 00:49:23 682] ns         557  cmwapascmnet =  
[2017/05/08 00:49:23 682] ns         558  uniwapasuninet =  
[2017/05/08 00:49:23 682] ns         559  ctwapasctnet =  
[2017/05/08 00:49:23 682] ns         576  host=  hdns.openspeech.cn  
[2017/05/08 00:49:23 682] network    238  gethostbyname  hdns.openspeech.cn  ns_nw2  
[2017/05/08 00:49:23 682] lgi        238  lver:  nil  
[2017/05/08 00:49:23 682] lgi        243  cfg_ver:  nil  
[2017/05/08 00:49:23 753] network    220  dns resp  0  ns_nw2  
[2017/05/08 00:49:23 753] ns         425  ns dns ok  117.121.56.5  
[2017/05/08 00:49:23 753] ns         205  iplist not avail  
[2017/05/08 00:49:23 754] ns         432  is_voicecloud_ip=  0  
[2017/05/08 00:49:23 754] ns         439  ip_is_expected=  true  
[2017/05/08 00:49:23 754] ns         447  ip_is_expected=  true  
[2017/05/08 00:49:23 754] network    417  gethttpresp2  117.121.56.5  80  _nw3  
[2017/05/08 00:49:23 759] network    323  connected  _nw3  
[2017/05/08 00:49:23 760] network    326  send ok  271  _nw3  
[2017/05/08 00:49:23 770] network    335  readable  _nw3  
[2017/05/08 00:49:23 770] ns         256  name server http resp  table(98040070) 0  udata(98019e78) 
[2017/05/08 00:49:23 770] ns         269  ns response OK for this time!  
[2017/05/08 00:49:23 770] ns         280  from_server=  iflytek/hdns  
[2017/05/08 00:49:23 771] ns         363  compel :  0  
[2017/05/08 00:49:23 771] ns         374  tick()=  27122747  
[2017/05/08 00:49:23 771] ns         378  tick()mod=  27122747  
[2017/05/08 00:49:23 771] ns         379  ns_host=  open.xf-yun.com  
[2017/05/08 00:49:23 771] ns         392  ns_host=  open.xf-yun.com  
[2017/05/08 00:49:23 771] transport  1007 ns_ip =   59.107.24.5  
[2017/05/08 00:49:23 771] transport  1008 ip_type =  assigned_athopen.xf-yun.com_host  
[2017/05/08 00:49:23 771] transport  1210 [soc] connect   59.107.24.5  80  
[2017/05/08 00:49:23 771] transport  1227 mspsoc.open,prot_type=  tcp  
[2017/05/08 00:49:23 771] ns         655  no data in ns_q  
[2017/05/08 00:49:23 771] ns         656  conti_ns,ns_inprog =   1  
[2017/05/08 00:49:23 818] transport  476  [soc] [1] connected  
[2017/05/08 00:49:23 818] transport  1264 build http request.  
[2017/05/08 00:49:23 818] transport  1364 POST /msp.do HTTP/1.1
Host: open.xf-yun.com
Content-Type: multipart/mixed;boundary=--
Content-Length: 356
User-Agent: iFLYCloud
Cache-Control: no-cache
Accept: */*

----
CL:73
CT:text/plain

ver=MSSP+0%2E9&sub=auth&cmd=lgi&cver=5%2E0%2E29%2E1151&key=08uDm1yra5hmo=
----
CL:56
CT:text/appinfo
CE:gzip,encrypt/0.2

“Ê/ËìòdòÅ  
[2017/05/08 00:49:23 819] transport  1684 msg:release()  
[2017/05/08 00:49:23 819] transport  506  [soc] [1] send ok  529  
[2017/05/08 00:49:23 848] transport  142  [dns] [1] response 117.121.21.149  
[2017/05/08 00:49:23 849] transport  152  117  121  21  149  
[2017/05/08 00:49:23 849] transport  203  ipv =  v4  
[2017/05/08 00:49:23 849] transport  207  dns ip is v4  
[2017/05/08 00:49:23 849] transport  181  iplist not avail  
[2017/05/08 00:49:23 849] transport  247  no iplist now  
[2017/05/08 00:49:23 849] network    93   iptoenv ,  ipcache  open.xf-yun.com  def  117.121.21.149  
[2017/05/08 00:49:23 897] transport  518  [soc] [1] readable  
[2017/05/08 00:49:23 897] transport  1637 HTTP/1.1 200 OK
Content-Type: text/plain
Content-Length: 162
X-Req-Date: 2017/05/08 00:49:23 778
Cache-Control: no-cache
CL: 162
X-Res-Date: 2017/05/08 00:49:23 802

ver=MSSP+0%2E9&ret=0&cver=5%2E0%2E29%2E1151&uid=d6720769209&key=0bMLcIXIdHB61eAkWBuvyPhqj9^ODx/ttuJM4kmTc8wGu^^GHVr44O7LMYxR574MHc58a56ycvHX78cQcG14/UYPxxBwbXj9Rg  
[2017/05/08 00:49:23 897] transport  1383 a_complete_httpmessage  200  
[2017/05/08 00:49:23 897] transport  1493 is_update  false  
[2017/05/08 00:49:23 897] lgi        99   [trans] [id = lgi_] readable  
[2017/05/08 00:49:23 901] network    88   ipfromenv ,  ipcache  open.xf-yun.com  def  117.121.21.149  
[2017/05/08 00:49:23 901] transport  933  iplist not avail  
[2017/05/08 00:49:23 901] transport  1242 [soc] disconnect   
[2017/05/08 00:49:23 902] lgi        130  lgi resp!  
[2017/05/08 00:49:23 902] lgi        137  lgi ok!  
[2017/05/08 00:49:23 902] lgi        69   notify_lgi_result, ret=0, loginid=d6720769209@58f64761  
[2017/05/08 00:49:23 902] lgi        146  unkown  d6720769209  
[2017/05/08 00:49:28 599] lgi        654  SYS_MSG_SHUTDOWN  
============================================================
Time  2017/05/08 01:06:03 224 
============================================================
[2017/05/08 01:06:03 224] lgi        641  SYS_MSG_LOAD  
[2017/05/08 01:06:03 225] lgi        663  SYS_MSG_REGCB  msp_status_cb  func(4015970) 
[2017/05/08 01:06:03 225] lgi        292  LGI_MSG_INIT  
[2017/05/08 01:06:03 225] lgi        299  lgi  lgi_  268436457  1488112113  
[2017/05/08 01:06:03 226] lgi        332  lgi params:  appid = 58f64761, work_dir = .  
[2017/05/08 01:06:03 226] lgi        352  auth_appid=  58f64761  
[2017/05/08 01:06:03 226] lgi        363  token:  nil  
[2017/05/08 01:06:03 226] lgi        433  msc cver : 5.0.29.1151  
[2017/05/08 01:06:03 226] lgi        476  ns_enable=  1  
[2017/05/08 01:06:03 226] lgi        488  prot_ver=1  
[2017/05/08 01:06:03 226] lgi        499  prot_type=tcp  
[2017/05/08 01:06:03 226] lgi        650  SYS_MSG_UNLOAD  go bg!  
[2017/05/08 01:06:05 825] lgi        555  LGI_MSG_START, caller =  cloud_cisr1P1HHBHewU5hHFne+aa05KC7VlebPUj  
[2017/05/08 01:06:05 825] lgi        561  lgistat =   0  
[2017/05/08 01:06:05 825] lgi        587  lgi_auth_id =  nil  
[2017/05/08 01:06:05 826] transport  627  paramkvsport is   0  
[2017/05/08 01:06:05 826] transport  635  ns_enable=  1  
[2017/05/08 01:06:05 826] transport  679  url.full=  nil  
[2017/05/08 01:06:05 826] transport  856  switch 80  
[2017/05/08 01:06:05 826] transport  867  net type:  standard  
[2017/05/08 01:06:05 826] transport  868  net operator:  def  
[2017/05/08 01:06:05 826] transport  869  use proxy:  false  
[2017/05/08 01:06:05 826] lgi        271  [session] send lgi request  
[2017/05/08 01:06:05 826] transport  992  session.domain=  open.xf-yun.com  
[2017/05/08 01:06:05 826] transport  993  url.host=  open.xf-yun.com  
[2017/05/08 01:06:05 826] transport  1027 NAMESERVER START  
[2017/05/08 01:06:05 826] transport  1030 name =   ath  
[2017/05/08 01:06:05 826] ns         626  ntt=  standard  
[2017/05/08 01:06:05 826] transport  1033 trans,ns_inprog =  0  
[2017/05/08 01:06:05 826] ns         582  name server start  
[2017/05/08 01:06:05 826] ns         583  ns_sub =   ath  
[2017/05/08 01:06:05 826] ns         585  ns_host=  open.xf-yun.com  
[2017/05/08 01:06:05 826] ns         476  ns_host=  open.xf-yun.com  
[2017/05/08 01:06:05 826] ns         555  GET /sip/resolver?srand=0508010611.32 HTTP/1.1
Host: hdns.openspeech.cn
Connection: Keep-Alive
X-Par: ver=1.3&appid=58f64761&operator=UNKNOW&nettype=STANDARD&cver=5.0.29.1151&svc=ath&host=open.xf-yun.com&sign=8126e9eaba2f0d8ccd3b003896c5f51e
User-Agent: iFLYCloud

  
[2017/05/08 01:06:05 826] ns         556  net_type =  standard  
[2017/05/08 01:06:05 826] ns         557  cmwapascmnet =  
[2017/05/08 01:06:05 826] ns         558  uniwapasuninet =  
[2017/05/08 01:06:05 826] ns         559  ctwapasctnet =  
[2017/05/08 01:06:05 826] ns         576  host=  hdns.openspeech.cn  
[2017/05/08 01:06:05 826] network    238  gethostbyname  hdns.openspeech.cn  ns_nw2  
[2017/05/08 01:06:05 826] lgi        238  lver:  nil  
[2017/05/08 01:06:05 826] lgi        243  cfg_ver:  nil  
[2017/05/08 01:06:05 899] network    220  dns resp  0  ns_nw2  
[2017/05/08 01:06:05 899] ns         425  ns dns ok  117.121.56.5  
[2017/05/08 01:06:05 899] ns         205  iplist not avail  
[2017/05/08 01:06:05 900] ns         432  is_voicecloud_ip=  0  
[2017/05/08 01:06:05 900] ns         439  ip_is_expected=  true  
[2017/05/08 01:06:05 900] ns         447  ip_is_expected=  true  
[2017/05/08 01:06:05 900] network    417  gethttpresp2  117.121.56.5  80  _nw3  
[2017/05/08 01:06:05 905] network    323  connected  _nw3  
[2017/05/08 01:06:05 906] network    326  send ok  271  _nw3  
[2017/05/08 01:06:05 916] network    335  readable  _nw3  
[2017/05/08 01:06:05 916] ns         256  name server http resp  table(40060f0) 0  udata(4019e78) 
[2017/05/08 01:06:05 916] ns         269  ns response OK for this time!  
[2017/05/08 01:06:05 916] ns         280  from_server=  iflytek/hdns  
[2017/05/08 01:06:05 917] ns         363  compel :  0  
[2017/05/08 01:06:05 917] ns         374  tick()=  28124893  
[2017/05/08 01:06:05 917] ns         378  tick()mod=  28124893  
[2017/05/08 01:06:05 917] ns         379  ns_host=  open.xf-yun.com  
[2017/05/08 01:06:05 917] ns         392  ns_host=  open.xf-yun.com  
[2017/05/08 01:06:05 917] transport  1007 ns_ip =   59.107.24.5  
[2017/05/08 01:06:05 917] transport  1008 ip_type =  assigned_athopen.xf-yun.com_host  
[2017/05/08 01:06:05 917] transport  1210 [soc] connect   59.107.24.5  80  
[2017/05/08 01:06:05 917] transport  1227 mspsoc.open,prot_type=  tcp  
[2017/05/08 01:06:05 917] ns         655  no data in ns_q  
[2017/05/08 01:06:05 918] ns         656  conti_ns,ns_inprog =   1  
[2017/05/08 01:06:05 980] transport  476  [soc] [1] connected  
[2017/05/08 01:06:05 981] transport  1264 build http request.  
[2017/05/08 01:06:05 981] transport  1364 POST /msp.do HTTP/1.1
Host: open.xf-yun.com
Content-Type: multipart/mixed;boundary=--
Content-Length: 356
User-Agent: iFLYCloud
Cache-Control: no-cache
Accept: */*

----
CL:73
CT:text/plain

ver=MSSP+0%2E9&sub=auth&cmd=lgi&cver=5%2E0%2E29%2E1151&key=08uDm1yra5hmo=
----
CL:56
CT:text/appinfo
CE:gzip,encrypt/0.2

“Ê/ËìòdòÅ  
[2017/05/08 01:06:05 981] transport  1684 msg:release()  
[2017/05/08 01:06:05 981] transport  506  [soc] [1] send ok  529  
[2017/05/08 01:06:06 067] transport  518  [soc] [1] readable  
[2017/05/08 01:06:06 067] transport  1637 HTTP/1.1 200 OK
Content-Type: text/plain
Content-Length: 162
X-Req-Date: 2017/05/08 01:06:05 980
Cache-Control: no-cache
CL: 162
X-Res-Date: 2017/05/08 01:06:06 9

ver=MSSP+0%2E9&ret=0&cver=5%2E0%2E29%2E1151&uid=d6720769209&key=0bVC2k/XL2sTEcOACTwOgCIec2FOayTWhWl/0G4srivxG^^GHVr44O7LMYxR574MHc58a56ycvHX78cQcG14/UYPxxBwbXj9Rg  
[2017/05/08 01:06:06 067] transport  1383 a_complete_httpmessage  200  
[2017/05/08 01:06:06 067] transport  1493 is_update  false  
[2017/05/08 01:06:06 067] lgi        99   [trans] [id = lgi_] readable  
[2017/05/08 01:06:06 068] network    88   ipfromenv ,  ipcache  open.xf-yun.com  def  nil  
[2017/05/08 01:06:06 068] transport  933  iplist not avail  
[2017/05/08 01:06:06 068] transport  1242 [soc] disconnect   
[2017/05/08 01:06:06 068] lgi        130  lgi resp!  
[2017/05/08 01:06:06 068] lgi        137  lgi ok!  
[2017/05/08 01:06:06 068] lgi        69   notify_lgi_result, ret=0, loginid=d6720769209@58f64761  
[2017/05/08 01:06:06 068] lgi        146  unkown  d6720769209  
[2017/05/08 01:06:09 223] lgi        654  SYS_MSG_SHUTDOWN  
============================================================
Time  2017/05/08 01:15:57 597 
============================================================
[2017/05/08 01:15:57 597] lgi        641  SYS_MSG_LOAD  
[2017/05/08 01:15:57 598] lgi        663  SYS_MSG_REGCB  msp_status_cb  func(f8015940) 
[2017/05/08 01:15:57 599] lgi        292  LGI_MSG_INIT  
[2017/05/08 01:15:57 599] lgi        299  lgi  lgi_  268436457  1488112113  
[2017/05/08 01:15:57 599] lgi        332  lgi params:  appid = 58f64761, work_dir = .  
[2017/05/08 01:15:57 599] lgi        352  auth_appid=  58f64761  
[2017/05/08 01:15:57 599] lgi        363  token:  nil  
[2017/05/08 01:15:57 599] lgi        433  msc cver : 5.0.29.1151  
[2017/05/08 01:15:57 599] lgi        476  ns_enable=  1  
[2017/05/08 01:15:57 599] lgi        488  prot_ver=1  
[2017/05/08 01:15:57 599] lgi        499  prot_type=tcp  
[2017/05/08 01:15:57 599] lgi        650  SYS_MSG_UNLOAD  go bg!  
[2017/05/08 01:15:57 618] lgi        555  LGI_MSG_START, caller =  cloud_cisr1P1HHBHewUeuHV4LAaa1erPofBVVHJe  
[2017/05/08 01:15:57 618] lgi        561  lgistat =   0  
[2017/05/08 01:15:57 618] lgi        587  lgi_auth_id =  nil  
[2017/05/08 01:15:57 618] transport  627  paramkvsport is   0  
[2017/05/08 01:15:57 618] transport  635  ns_enable=  1  
[2017/05/08 01:15:57 618] transport  679  url.full=  nil  
[2017/05/08 01:15:57 618] transport  856  switch 80  
[2017/05/08 01:15:57 618] transport  867  net type:  standard  
[2017/05/08 01:15:57 618] transport  868  net operator:  def  
[2017/05/08 01:15:57 618] transport  869  use proxy:  false  
[2017/05/08 01:15:57 618] lgi        271  [session] send lgi request  
[2017/05/08 01:15:57 618] transport  992  session.domain=  open.xf-yun.com  
[2017/05/08 01:15:57 618] transport  993  url.host=  open.xf-yun.com  
[2017/05/08 01:15:57 618] transport  1027 NAMESERVER START  
[2017/05/08 01:15:57 618] transport  1030 name =   ath  
[2017/05/08 01:15:57 618] ns         626  ntt=  standard  
[2017/05/08 01:15:57 618] transport  1033 trans,ns_inprog =  0  
[2017/05/08 01:15:57 618] ns         582  name server start  
[2017/05/08 01:15:57 618] ns         583  ns_sub =   ath  
[2017/05/08 01:15:57 618] ns         585  ns_host=  open.xf-yun.com  
[2017/05/08 01:15:57 618] ns         476  ns_host=  open.xf-yun.com  
[2017/05/08 01:15:57 618] ns         555  GET /sip/resolver?srand=0508011511.32 HTTP/1.1
Host: hdns.openspeech.cn
Connection: Keep-Alive
X-Par: ver=1.3&appid=58f64761&operator=UNKNOW&nettype=STANDARD&cver=5.0.29.1151&svc=ath&host=open.xf-yun.com&sign=67b96ec07cc402602470839d26b07573
User-Agent: iFLYCloud

  
[2017/05/08 01:15:57 619] ns         556  net_type =  standard  
[2017/05/08 01:15:57 619] ns         557  cmwapascmnet =  
[2017/05/08 01:15:57 619] ns         558  uniwapasuninet =  
[2017/05/08 01:15:57 619] ns         559  ctwapasctnet =  
[2017/05/08 01:15:57 619] ns         576  host=  hdns.openspeech.cn  
[2017/05/08 01:15:57 619] network    238  gethostbyname  hdns.openspeech.cn  ns_nw2  
[2017/05/08 01:15:57 619] lgi        238  lver:  nil  
[2017/05/08 01:15:57 619] lgi        243  cfg_ver:  nil  
[2017/05/08 01:15:57 695] network    220  dns resp  0  ns_nw2  
[2017/05/08 01:15:57 695] ns         425  ns dns ok  117.121.56.5  
[2017/05/08 01:15:57 695] ns         205  iplist not avail  
[2017/05/08 01:15:57 696] ns         432  is_voicecloud_ip=  0  
[2017/05/08 01:15:57 696] ns         439  ip_is_expected=  true  
[2017/05/08 01:15:57 696] ns         447  ip_is_expected=  true  
[2017/05/08 01:15:57 696] network    417  gethttpresp2  117.121.56.5  80  _nw3  
[2017/05/08 01:15:57 701] network    323  connected  _nw3  
[2017/05/08 01:15:57 702] network    326  send ok  271  _nw3  
[2017/05/08 01:15:57 712] network    335  readable  _nw3  
[2017/05/08 01:15:57 712] ns         256  name server http resp  table(f8040140) 0  udata(f8019fb8) 
[2017/05/08 01:15:57 712] ns         269  ns response OK for this time!  
[2017/05/08 01:15:57 712] ns         280  from_server=  iflytek/hdns  
[2017/05/08 01:15:57 713] ns         363  compel :  0  
[2017/05/08 01:15:57 713] ns         374  tick()=  28716689  
[2017/05/08 01:15:57 713] ns         378  tick()mod=  28716689  
[2017/05/08 01:15:57 713] ns         379  ns_host=  open.xf-yun.com  
[2017/05/08 01:15:57 714] ns         392  ns_host=  open.xf-yun.com  
[2017/05/08 01:15:57 714] transport  1007 ns_ip =   59.107.24.5  
[2017/05/08 01:15:57 714] transport  1008 ip_type =  assigned_athopen.xf-yun.com_host  
[2017/05/08 01:15:57 714] transport  1210 [soc] connect   59.107.24.5  80  
[2017/05/08 01:15:57 714] transport  1227 mspsoc.open,prot_type=  tcp  
[2017/05/08 01:15:57 714] ns         655  no data in ns_q  
[2017/05/08 01:15:57 714] ns         656  conti_ns,ns_inprog =   1  
[2017/05/08 01:15:57 763] transport  476  [soc] [1] connected  
[2017/05/08 01:15:57 763] transport  1264 build http request.  
[2017/05/08 01:15:57 763] transport  1364 POST /msp.do HTTP/1.1
Host: open.xf-yun.com
Content-Type: multipart/mixed;boundary=--
Content-Length: 356
User-Agent: iFLYCloud
Cache-Control: no-cache
Accept: */*

----
CL:73
CT:text/plain

ver=MSSP+0%2E9&sub=auth&cmd=lgi&cver=5%2E0%2E29%2E1151&key=08uDm1yra5hmo=
----
CL:56
CT:text/appinfo
CE:gzip,encrypt/0.2

“Ê/ËìòdòÅ  
[2017/05/08 01:15:57 764] transport  1684 msg:release()  
[2017/05/08 01:15:57 764] transport  506  [soc] [1] send ok  529  
[2017/05/08 01:15:57 789] transport  142  [dns] [1] response 117.121.21.146  
[2017/05/08 01:15:57 789] transport  152  117  121  21  146  
[2017/05/08 01:15:57 789] transport  203  ipv =  v4  
[2017/05/08 01:15:57 789] transport  207  dns ip is v4  
[2017/05/08 01:15:57 789] transport  181  iplist not avail  
[2017/05/08 01:15:57 789] transport  247  no iplist now  
[2017/05/08 01:15:57 789] network    93   iptoenv ,  ipcache  open.xf-yun.com  def  117.121.21.146  
[2017/05/08 01:15:57 832] transport  518  [soc] [1] readable  
[2017/05/08 01:15:57 832] transport  1637 HTTP/1.1 200 OK
Content-Type: text/plain
Content-Length: 162
X-Req-Date: 2017/05/08 01:15:57 711
Cache-Control: no-cache
CL: 162
X-Res-Date: 2017/05/08 01:15:57 729

ver=MSSP+0%2E9&ret=0&cver=5%2E0%2E29%2E1151&uid=d6720769209&key=0bsm5^UN1^xs5p^7E1KxUY0ZpgqewnU8F9ru4jgowqWge^^GHVr44O7LMYxR574MHc58a56ycvHX78cQcG14/UYPxxBwbXj9Rg  
[2017/05/08 01:15:57 832] transport  1383 a_complete_httpmessage  200  
[2017/05/08 01:15:57 832] transport  1493 is_update  false  
[2017/05/08 01:15:57 832] lgi        99   [trans] [id = lgi_] readable  
[2017/05/08 01:15:57 833] network    88   ipfromenv ,  ipcache  open.xf-yun.com  def  117.121.21.146  
[2017/05/08 01:15:57 833] transport  933  iplist not avail  
[2017/05/08 01:15:57 833] transport  1242 [soc] disconnect   
[2017/05/08 01:15:57 833] lgi        130  lgi resp!  
[2017/05/08 01:15:57 833] lgi        137  lgi ok!  
[2017/05/08 01:15:57 833] lgi        69   notify_lgi_result, ret=0, loginid=d6720769209@58f64761  
[2017/05/08 01:15:57 833] lgi        146  unkown  d6720769209  
[2017/05/08 01:16:12 836] lgi        94   lgi_delaydie_timeout  
============================================================
Time  2017/05/08 01:22:18 578 
============================================================
[2017/05/08 01:22:18 578] lgi        641  SYS_MSG_LOAD  
[2017/05/08 01:22:18 579] lgi        663  SYS_MSG_REGCB  msp_status_cb  func(15940) 
[2017/05/08 01:22:18 579] lgi        292  LGI_MSG_INIT  
[2017/05/08 01:22:18 579] lgi        299  lgi  lgi_  268436457  1488112113  
[2017/05/08 01:22:18 580] lgi        332  lgi params:  appid = 58f64761, work_dir = .  
[2017/05/08 01:22:18 580] lgi        352  auth_appid=  58f64761  
[2017/05/08 01:22:18 580] lgi        363  token:  nil  
[2017/05/08 01:22:18 580] lgi        433  msc cver : 5.0.29.1151  
[2017/05/08 01:22:18 580] lgi        476  ns_enable=  1  
[2017/05/08 01:22:18 580] lgi        488  prot_ver=1  
[2017/05/08 01:22:18 580] lgi        499  prot_type=tcp  
[2017/05/08 01:22:18 580] lgi        650  SYS_MSG_UNLOAD  go bg!  
[2017/05/08 01:22:18 609] lgi        555  LGI_MSG_START, caller =  cloud_cisr1P1HHBHewUZ0HD6graakGtWtxazydoh  
[2017/05/08 01:22:18 609] lgi        561  lgistat =   0  
[2017/05/08 01:22:18 609] lgi        587  lgi_auth_id =  nil  
[2017/05/08 01:22:18 609] transport  627  paramkvsport is   0  
[2017/05/08 01:22:18 609] transport  635  ns_enable=  1  
[2017/05/08 01:22:18 609] transport  679  url.full=  nil  
[2017/05/08 01:22:18 609] transport  856  switch 80  
[2017/05/08 01:22:18 609] transport  867  net type:  standard  
[2017/05/08 01:22:18 609] transport  868  net operator:  def  
[2017/05/08 01:22:18 609] transport  869  use proxy:  false  
[2017/05/08 01:22:18 609] lgi        271  [session] send lgi request  
[2017/05/08 01:22:18 609] transport  992  session.domain=  open.xf-yun.com  
[2017/05/08 01:22:18 609] transport  993  url.host=  open.xf-yun.com  
[2017/05/08 01:22:18 609] transport  1027 NAMESERVER START  
[2017/05/08 01:22:18 615] transport  1030 name =   ath  
[2017/05/08 01:22:18 615] ns         626  ntt=  standard  
[2017/05/08 01:22:18 615] transport  1033 trans,ns_inprog =  0  
[2017/05/08 01:22:18 615] ns         582  name server start  
[2017/05/08 01:22:18 615] ns         583  ns_sub =   ath  
[2017/05/08 01:22:18 615] ns         585  ns_host=  open.xf-yun.com  
[2017/05/08 01:22:18 615] ns         476  ns_host=  open.xf-yun.com  
[2017/05/08 01:22:18 615] ns         555  GET /sip/resolver?srand=0508012211.32 HTTP/1.1
Host: hdns.openspeech.cn
Connection: Keep-Alive
X-Par: ver=1.3&appid=58f64761&operator=UNKNOW&nettype=STANDARD&cver=5.0.29.1151&svc=ath&host=open.xf-yun.com&sign=e652604b2b5531c11fa2d5579b511b7d
User-Agent: iFLYCloud

  
[2017/05/08 01:22:18 615] ns         556  net_type =  standard  
[2017/05/08 01:22:18 615] ns         557  cmwapascmnet =  
[2017/05/08 01:22:18 615] ns         558  uniwapasuninet =  
[2017/05/08 01:22:18 615] ns         559  ctwapasctnet =  
[2017/05/08 01:22:18 616] ns         576  host=  hdns.openspeech.cn  
[2017/05/08 01:22:18 616] network    238  gethostbyname  hdns.openspeech.cn  ns_nw2  
[2017/05/08 01:22:18 617] lgi        238  lver:  nil  
[2017/05/08 01:22:18 617] lgi        243  cfg_ver:  nil  
[2017/05/08 01:22:18 687] network    220  dns resp  0  ns_nw2  
[2017/05/08 01:22:18 687] ns         425  ns dns ok  117.121.56.5  
[2017/05/08 01:22:18 687] ns         205  iplist not avail  
[2017/05/08 01:22:18 690] ns         432  is_voicecloud_ip=  0  
[2017/05/08 01:22:18 690] ns         439  ip_is_expected=  true  
[2017/05/08 01:22:18 690] ns         447  ip_is_expected=  true  
[2017/05/08 01:22:18 690] network    417  gethttpresp2  117.121.56.5  80  _nw3  
[2017/05/08 01:22:18 696] network    323  connected  _nw3  
[2017/05/08 01:22:18 696] network    326  send ok  271  _nw3  
[2017/05/08 01:22:18 707] network    335  readable  _nw3  
[2017/05/08 01:22:18 707] ns         256  name server http resp  table(40140) 0  udata(726b8) 
[2017/05/08 01:22:18 707] ns         269  ns response OK for this time!  
[2017/05/08 01:22:18 707] ns         280  from_server=  iflytek/hdns  
[2017/05/08 01:22:18 708] ns         363  compel :  0  
[2017/05/08 01:22:18 708] ns         374  tick()=  29097684  
[2017/05/08 01:22:18 708] ns         378  tick()mod=  29097684  
[2017/05/08 01:22:18 708] ns         379  ns_host=  open.xf-yun.com  
[2017/05/08 01:22:18 708] ns         392  ns_host=  open.xf-yun.com  
[2017/05/08 01:22:18 708] transport  1007 ns_ip =   59.107.24.11  
[2017/05/08 01:22:18 708] transport  1008 ip_type =  assigned_athopen.xf-yun.com_host  
[2017/05/08 01:22:18 708] transport  1210 [soc] connect   59.107.24.11  80  
[2017/05/08 01:22:18 708] transport  1227 mspsoc.open,prot_type=  tcp  
[2017/05/08 01:22:18 708] ns         655  no data in ns_q  
[2017/05/08 01:22:18 708] ns         656  conti_ns,ns_inprog =   1  
[2017/05/08 01:22:18 764] transport  476  [soc] [1] connected  
[2017/05/08 01:22:18 764] transport  1264 build http request.  
[2017/05/08 01:22:18 764] transport  1364 POST /msp.do HTTP/1.1
Host: open.xf-yun.com
Content-Type: multipart/mixed;boundary=--
Content-Length: 356
User-Agent: iFLYCloud
Cache-Control: no-cache
Accept: */*

----
CL:73
CT:text/plain

ver=MSSP+0%2E9&sub=auth&cmd=lgi&cver=5%2E0%2E29%2E1151&key=08uDm1yra5hmo=
----
CL:56
CT:text/appinfo
CE:gzip,encrypt/0.2

“Ê/ËìòdòÅ  
[2017/05/08 01:22:18 765] transport  1684 msg:release()  
[2017/05/08 01:22:18 765] transport  506  [soc] [1] send ok  529  
[2017/05/08 01:22:18 779] transport  142  [dns] [1] response 117.121.21.146  
[2017/05/08 01:22:18 779] transport  152  117  121  21  146  
[2017/05/08 01:22:18 780] transport  203  ipv =  v4  
[2017/05/08 01:22:18 780] transport  207  dns ip is v4  
[2017/05/08 01:22:18 780] transport  181  iplist not avail  
[2017/05/08 01:22:18 781] transport  247  no iplist now  
[2017/05/08 01:22:18 781] network    93   iptoenv ,  ipcache  open.xf-yun.com  def  117.121.21.146  
[2017/05/08 01:22:18 851] transport  518  [soc] [1] readable  
[2017/05/08 01:22:18 851] transport  1637 HTTP/1.1 200 OK
Content-Type: text/plain
Content-Length: 162
X-Req-Date: 2017/05/08 01:22:18 740
Cache-Control: no-cache
CL: 162
X-Res-Date: 2017/05/08 01:22:18 765

ver=MSSP+0%2E9&ret=0&cver=5%2E0%2E29%2E1151&uid=d6720769209&key=0bXWSNS^VUZ7wopoUGEK/hNp9PrMI9D/KxZuvAK4iGzA6^^GHVr44O7LMYxR574MHc58a56ycvHX78cQcG14/UYPxxBwbXj9Rg  
[2017/05/08 01:22:18 851] transport  1383 a_complete_httpmessage  200  
[2017/05/08 01:22:18 851] transport  1493 is_update  false  
[2017/05/08 01:22:18 851] lgi        99   [trans] [id = lgi_] readable  
[2017/05/08 01:22:18 852] network    88   ipfromenv ,  ipcache  open.xf-yun.com  def  117.121.21.146  
[2017/05/08 01:22:18 852] transport  942  cached ip is confirmed  
[2017/05/08 01:22:18 852] transport  1242 [soc] disconnect   
[2017/05/08 01:22:18 852] lgi        130  lgi resp!  
[2017/05/08 01:22:18 852] lgi        137  lgi ok!  
[2017/05/08 01:22:18 852] lgi        69   notify_lgi_result, ret=0, loginid=d6720769209@58f64761  
[2017/05/08 01:22:18 852] lgi        146  unkown  d6720769209  
[2017/05/08 01:22:33 852] lgi        94   lgi_delaydie_timeout  
